Arguments: 
  /home/abkura/.nvm/versions/node/v16.13.1/bin/node /home/abkura/.nvm/versions/node/v16.13.1/bin/yarn init -y

PATH: 
  /home/abkura/.nvm/versions/node/v16.13.1/bin:/usr/local/sbin:/usr/local/bin:/usr/sbin:/usr/bin:/sbin:/bin:/usr/games:/usr/local/games:/snap/bin

Yarn version: 
  1.22.19

Node version: 
  16.13.1

Platform: 
  linux x64

Trace: 
  SyntaxError: /home/abkura/Desktop/Area_de_trabalho/Projetos_pessoais/languages/languages_backend/package.json: Unexpected end of JSON input
      at JSON.parse (<anonymous>)
      at /home/abkura/.nvm/versions/node/v16.13.1/lib/node_modules/yarn/lib/cli.js:1629:59
      at Generator.next (<anonymous>)
      at step (/home/abkura/.nvm/versions/node/v16.13.1/lib/node_modules/yarn/lib/cli.js:310:30)
      at /home/abkura/.nvm/versions/node/v16.13.1/lib/node_modules/yarn/lib/cli.js:321:13

npm manifest: 
  

yarn manifest: 
  No manifest

Lockfile: 
  No lockfile
